[31mFATA[0m[2022-08-01 15:29:54] cospath needs to contain cos://              
[36mINFO[0m[2022-08-01 15:31:13] Copy cos://pkg-1308438674/files => cos://mirror-pkg-1308438674/files 
[31mFATA[0m[2022-08-01 15:31:13] Put "https://mirror-pkg-1308438674./files": dial tcp: lookup mirror-pkg-1308438674. on 192.168.50.1:53: no such host 
[36mINFO[0m[2022-08-01 15:33:21] Copy cos://pkg-1308438674/files => cos://mirror-pkg-1308438674/files 
[31mFATA[0m[2022-08-01 15:33:23] PUT https://mirror-pkg-1308438674.cos.ap-hongkong.myqcloud.com/files: 404 NoSuchKey(Message: Failed to query the state of source object, RequestId: NjJlNzgxYzNfOGY1MjBkMDlfMTAyMl81OTljZWYy, TraceId: OGVmYzZiMmQzYjA2OWNhODk0NTRkMTBiOWVmMDAxODc0OWRkZjk0ZDM1NmI1M2E2MTRlY2MzZDhmNmI5MWI1OTQyYWVlY2QwZTk2MDVmZDQ3MmI2Y2I4ZmI5ZmM4ODFjMjUxN2ZhYjIyNjdhMDc2MGYyYmRjYWFlOWYzNTM5NTk=) 
[36mINFO[0m[2022-08-01 15:34:07] Upload /root/git-repo/app/umami-docker/LICENSE.md => cos://mirror-pkg-1308438674/files/LICENSE.md 
[36mINFO[0m[2022-08-01 15:34:53] Copy cos://pkg-1308438674/files/stacksmith/ => cos://mirror-pkg-1308438674/files/stacksmith/ 
[36mINFO[0m[2022-08-01 15:34:56] Copy cos://pkg-1308438674/files/stacksmith/apache-2.4-ubuntu-18.04-amd64.tar.gz => cos://mirror-pkg-1308438674/files/stacksmith/apache-2.4-ubuntu-18.04-amd64.tar.gz 
[36mINFO[0m[2022-08-01 15:34:58] Copy cos://pkg-1308438674/files/stacksmith/apache-2.4-ubuntu-18.04-amd64.tar.gz.sha256 => cos://mirror-pkg-1308438674/files/stacksmith/apache-2.4-ubuntu-18.04-amd64.tar.gz.sha256 
[36mINFO[0m[2022-08-01 15:34:58] Copy cos://pkg-1308438674/files/stacksmith/apache-2.4.53-02-debian-11-amd64.tar.gz => cos://mirror-pkg-1308438674/files/stacksmith/apache-2.4.53-02-debian-11-amd64.tar.gz 
[36mINFO[0m[2022-08-01 15:34:59] Copy cos://pkg-1308438674/files/stacksmith/apache-2.4.53-02-debian-11-amd64.tar.gz.sha256 => cos://mirror-pkg-1308438674/files/stacksmith/apache-2.4.53-02-debian-11-amd64.tar.gz.sha256 
[36mINFO[0m[2022-08-01 15:34:59] Copy cos://pkg-1308438674/files/stacksmith/apache-2.4.53-debian-11-amd64.tar.gz => cos://mirror-pkg-1308438674/files/stacksmith/apache-2.4.53-debian-11-amd64.tar.gz 
[36mINFO[0m[2022-08-01 15:35:00] Copy cos://pkg-1308438674/files/stacksmith/apache-2.4.53-debian-11-amd64.tar.gz.sha256 => cos://mirror-pkg-1308438674/files/stacksmith/apache-2.4.53-debian-11-amd64.tar.gz.sha256 
[36mINFO[0m[2022-08-01 15:35:01] Copy cos://pkg-1308438674/files/stacksmith/apache-2.4.53-fix-debian-11-amd64.tar.gz => cos://mirror-pkg-1308438674/files/stacksmith/apache-2.4.53-fix-debian-11-amd64.tar.gz 
[36mINFO[0m[2022-08-01 15:35:01] Copy cos://pkg-1308438674/files/stacksmith/apache-2.4.53-fix-debian-11-amd64.tar.gz.sha256 => cos://mirror-pkg-1308438674/files/stacksmith/apache-2.4.53-fix-debian-11-amd64.tar.gz.sha256 
[36mINFO[0m[2022-08-01 15:35:02] Copy cos://pkg-1308438674/files/stacksmith/composer-2.3.10-alpine-3.15-amd64.tar.gz => cos://mirror-pkg-1308438674/files/stacksmith/composer-2.3.10-alpine-3.15-amd64.tar.gz 
[36mINFO[0m[2022-08-01 15:35:03] Copy cos://pkg-1308438674/files/stacksmith/composer-2.3.10-alpine-3.15-amd64.tar.gz.sha256 => cos://mirror-pkg-1308438674/files/stacksmith/composer-2.3.10-alpine-3.15-amd64.tar.gz.sha256 
[36mINFO[0m[2022-08-01 15:35:04] Copy cos://pkg-1308438674/files/stacksmith/composer-2.3.10-debian-11-amd64.tar.gz => cos://mirror-pkg-1308438674/files/stacksmith/composer-2.3.10-debian-11-amd64.tar.gz 
[36mINFO[0m[2022-08-01 15:35:04] Copy cos://pkg-1308438674/files/stacksmith/composer-2.3.10-debian-11-amd64.tar.gz.sha256 => cos://mirror-pkg-1308438674/files/stacksmith/composer-2.3.10-debian-11-amd64.tar.gz.sha256 
[36mINFO[0m[2022-08-01 15:35:04] Copy cos://pkg-1308438674/files/stacksmith/coscli-0.11.0-beta-debian-11-amd64.tar.gz => cos://mirror-pkg-1308438674/files/stacksmith/coscli-0.11.0-beta-debian-11-amd64.tar.gz 
[36mINFO[0m[2022-08-01 15:35:05] Copy cos://pkg-1308438674/files/stacksmith/coscli-0.11.0-beta-debian-11-amd64.tar.gz.sha256 => cos://mirror-pkg-1308438674/files/stacksmith/coscli-0.11.0-beta-debian-11-amd64.tar.gz.sha256 
[36mINFO[0m[2022-08-01 15:35:06] Copy cos://pkg-1308438674/files/stacksmith/coscli-0.11.0-beta-linux-amd64.tar.gz => cos://mirror-pkg-1308438674/files/stacksmith/coscli-0.11.0-beta-linux-amd64.tar.gz 
[36mINFO[0m[2022-08-01 15:35:07] Copy cos://pkg-1308438674/files/stacksmith/coscli-0.11.0-beta-linux-amd64.tar.gz.sha256 => cos://mirror-pkg-1308438674/files/stacksmith/coscli-0.11.0-beta-linux-amd64.tar.gz.sha256 
[36mINFO[0m[2022-08-01 15:35:07] Copy cos://pkg-1308438674/files/stacksmith/coscli-0.11.0-beta-ubuntu-18.04-amd64.tar.gz => cos://mirror-pkg-1308438674/files/stacksmith/coscli-0.11.0-beta-ubuntu-18.04-amd64.tar.gz 
[36mINFO[0m[2022-08-01 15:35:08] Copy cos://pkg-1308438674/files/stacksmith/coscli-0.11.0-beta-ubuntu-18.04-amd64.tar.gz.sha256 => cos://mirror-pkg-1308438674/files/stacksmith/coscli-0.11.0-beta-ubuntu-18.04-amd64.tar.gz.sha256 
[36mINFO[0m[2022-08-01 15:35:08] Copy cos://pkg-1308438674/files/stacksmith/gitea-1.16.9-debian-11-amd64.tar.gz => cos://mirror-pkg-1308438674/files/stacksmith/gitea-1.16.9-debian-11-amd64.tar.gz 
[36mINFO[0m[2022-08-01 15:35:11] Copy cos://pkg-1308438674/files/stacksmith/gitea-1.16.9-debian-11-amd64.tar.gz.sha256 => cos://mirror-pkg-1308438674/files/stacksmith/gitea-1.16.9-debian-11-amd64.tar.gz.sha256 
[36mINFO[0m[2022-08-01 15:35:11] Copy cos://pkg-1308438674/files/stacksmith/gitea-1.17.0-debian-11-amd64.tar.gz => cos://mirror-pkg-1308438674/files/stacksmith/gitea-1.17.0-debian-11-amd64.tar.gz 
[36mINFO[0m[2022-08-01 15:35:14] Copy cos://pkg-1308438674/files/stacksmith/gitea-1.17.0-debian-11-amd64.tar.gz.sha256 => cos://mirror-pkg-1308438674/files/stacksmith/gitea-1.17.0-debian-11-amd64.tar.gz.sha256 
[36mINFO[0m[2022-08-01 15:35:14] Copy cos://pkg-1308438674/files/stacksmith/gogs-0.12.6-alpine-3.15-amd64.tar.gz => cos://mirror-pkg-1308438674/files/stacksmith/gogs-0.12.6-alpine-3.15-amd64.tar.gz 
[36mINFO[0m[2022-08-01 15:35:16] Copy cos://pkg-1308438674/files/stacksmith/gogs-0.12.6-alpine-3.15-amd64.tar.gz.sha256 => cos://mirror-pkg-1308438674/files/stacksmith/gogs-0.12.6-alpine-3.15-amd64.tar.gz.sha256 
[36mINFO[0m[2022-08-01 15:35:16] Copy cos://pkg-1308438674/files/stacksmith/gogs-0.12.7-debian-11-amd64.tar.gz => cos://mirror-pkg-1308438674/files/stacksmith/gogs-0.12.7-debian-11-amd64.tar.gz 
[36mINFO[0m[2022-08-01 15:35:18] Copy cos://pkg-1308438674/files/stacksmith/gogs-0.12.7-debian-11-amd64.tar.gz.sha256 => cos://mirror-pkg-1308438674/files/stacksmith/gogs-0.12.7-debian-11-amd64.tar.gz.sha256 
[36mINFO[0m[2022-08-01 15:35:19] Copy cos://pkg-1308438674/files/stacksmith/gogs-0.12.8-debian-11-amd64.tar.gz => cos://mirror-pkg-1308438674/files/stacksmith/gogs-0.12.8-debian-11-amd64.tar.gz 
[36mINFO[0m[2022-08-01 15:35:20] Copy cos://pkg-1308438674/files/stacksmith/gogs-0.12.8-debian-11-amd64.tar.gz.sha256 => cos://mirror-pkg-1308438674/files/stacksmith/gogs-0.12.8-debian-11-amd64.tar.gz.sha256 
[36mINFO[0m[2022-08-01 15:35:21] Copy cos://pkg-1308438674/files/stacksmith/gogs-0.12.9-debian-11-amd64.tar.gz => cos://mirror-pkg-1308438674/files/stacksmith/gogs-0.12.9-debian-11-amd64.tar.gz 
[36mINFO[0m[2022-08-01 15:35:22] Copy cos://pkg-1308438674/files/stacksmith/gogs-0.12.9-debian-11-amd64.tar.gz.sha256 => cos://mirror-pkg-1308438674/files/stacksmith/gogs-0.12.9-debian-11-amd64.tar.gz.sha256 
[36mINFO[0m[2022-08-01 15:35:23] Copy cos://pkg-1308438674/files/stacksmith/helm-3.8.2-debian-11-amd64.tar.gz => cos://mirror-pkg-1308438674/files/stacksmith/helm-3.8.2-debian-11-amd64.tar.gz 
[36mINFO[0m[2022-08-01 15:35:24] Copy cos://pkg-1308438674/files/stacksmith/helm-3.8.2-debian-11-amd64.tar.gz.sha256 => cos://mirror-pkg-1308438674/files/stacksmith/helm-3.8.2-debian-11-amd64.tar.gz.sha256 
[36mINFO[0m[2022-08-01 15:35:24] Copy cos://pkg-1308438674/files/stacksmith/market-push-0.0.1-debian-11-amd64.tar.gz => cos://mirror-pkg-1308438674/files/stacksmith/market-push-0.0.1-debian-11-amd64.tar.gz 
[36mINFO[0m[2022-08-01 15:35:24] Copy cos://pkg-1308438674/files/stacksmith/market-push-0.0.1-debian-11-amd64.tar.gz.sha256 => cos://mirror-pkg-1308438674/files/stacksmith/market-push-0.0.1-debian-11-amd64.tar.gz.sha256 
[36mINFO[0m[2022-08-01 15:35:25] Copy cos://pkg-1308438674/files/stacksmith/mysql-5.6.51-debian-11-amd64.tar.gz => cos://mirror-pkg-1308438674/files/stacksmith/mysql-5.6.51-debian-11-amd64.tar.gz 
[36mINFO[0m[2022-08-01 15:35:27] Copy cos://pkg-1308438674/files/stacksmith/mysql-5.6.51-debian-11-amd64.tar.gz.sha256 => cos://mirror-pkg-1308438674/files/stacksmith/mysql-5.6.51-debian-11-amd64.tar.gz.sha256 
[36mINFO[0m[2022-08-01 15:35:28] Copy cos://pkg-1308438674/files/stacksmith/mysql-5.7.37-40-debian-11-amd64.tar.gz => cos://mirror-pkg-1308438674/files/stacksmith/mysql-5.7.37-40-debian-11-amd64.tar.gz 
[36mINFO[0m[2022-08-01 15:35:30] Copy cos://pkg-1308438674/files/stacksmith/mysql-5.7.37-40-debian-11-amd64.tar.gz.sha256 => cos://mirror-pkg-1308438674/files/stacksmith/mysql-5.7.37-40-debian-11-amd64.tar.gz.sha256 
[36mINFO[0m[2022-08-01 15:35:31] Copy cos://pkg-1308438674/files/stacksmith/mysql-client-10.5.15-debian-11-amd64.tar.gz => cos://mirror-pkg-1308438674/files/stacksmith/mysql-client-10.5.15-debian-11-amd64.tar.gz 
[36mINFO[0m[2022-08-01 15:35:31] Copy cos://pkg-1308438674/files/stacksmith/mysql-client-10.5.15-debian-11-amd64.tar.gz.sha256 => cos://mirror-pkg-1308438674/files/stacksmith/mysql-client-10.5.15-debian-11-amd64.tar.gz.sha256 
[36mINFO[0m[2022-08-01 15:35:32] Copy cos://pkg-1308438674/files/stacksmith/mysql-client-10.5.15-ubuntu-18.04-amd64.tar.gz => cos://mirror-pkg-1308438674/files/stacksmith/mysql-client-10.5.15-ubuntu-18.04-amd64.tar.gz 
[36mINFO[0m[2022-08-01 15:35:32] Copy cos://pkg-1308438674/files/stacksmith/mysql-client-10.5.15-ubuntu-18.04-amd64.tar.gz.sha256 => cos://mirror-pkg-1308438674/files/stacksmith/mysql-client-10.5.15-ubuntu-18.04-amd64.tar.gz.sha256 
[36mINFO[0m[2022-08-01 15:35:32] Copy cos://pkg-1308438674/files/stacksmith/mysql-client-10.6.7-alpine-3.15-amd64.tar.gz => cos://mirror-pkg-1308438674/files/stacksmith/mysql-client-10.6.7-alpine-3.15-amd64.tar.gz 
[36mINFO[0m[2022-08-01 15:35:33] Copy cos://pkg-1308438674/files/stacksmith/mysql-client-10.6.7-alpine-3.15-amd64.tar.gz.sha256 => cos://mirror-pkg-1308438674/files/stacksmith/mysql-client-10.6.7-alpine-3.15-amd64.tar.gz.sha256 
[36mINFO[0m[2022-08-01 15:35:33] Copy cos://pkg-1308438674/files/stacksmith/mysql-client-5.7.38-ubuntu-18.04-amd64.tar.gz => cos://mirror-pkg-1308438674/files/stacksmith/mysql-client-5.7.38-ubuntu-18.04-amd64.tar.gz 
[36mINFO[0m[2022-08-01 15:35:34] Copy cos://pkg-1308438674/files/stacksmith/mysql-client-5.7.38-ubuntu-18.04-amd64.tar.gz.sha256 => cos://mirror-pkg-1308438674/files/stacksmith/mysql-client-5.7.38-ubuntu-18.04-amd64.tar.gz.sha256 
[36mINFO[0m[2022-08-01 15:35:34] Copy cos://pkg-1308438674/files/stacksmith/php-7.4.28-debian-11-amd64.tar.gz => cos://mirror-pkg-1308438674/files/stacksmith/php-7.4.28-debian-11-amd64.tar.gz 
[36mINFO[0m[2022-08-01 15:35:36] Copy cos://pkg-1308438674/files/stacksmith/php-7.4.28-debian-11-amd64.tar.gz.sha256 => cos://mirror-pkg-1308438674/files/stacksmith/php-7.4.28-debian-11-amd64.tar.gz.sha256 
[36mINFO[0m[2022-08-01 15:35:36] Copy cos://pkg-1308438674/files/stacksmith/php-ext-ioncube-11.0.1-debian-11-amd64.tar.gz => cos://mirror-pkg-1308438674/files/stacksmith/php-ext-ioncube-11.0.1-debian-11-amd64.tar.gz 
[36mINFO[0m[2022-08-01 15:35:37] Copy cos://pkg-1308438674/files/stacksmith/php-ext-ioncube-11.0.1-debian-11-amd64.tar.gz.sha256 => cos://mirror-pkg-1308438674/files/stacksmith/php-ext-ioncube-11.0.1-debian-11-amd64.tar.gz.sha256 
[36mINFO[0m[2022-08-01 15:35:37] Copy cos://pkg-1308438674/files/stacksmith/php-ext-ioncube-7.2-alpine-3.9-amd64.tar.gz => cos://mirror-pkg-1308438674/files/stacksmith/php-ext-ioncube-7.2-alpine-3.9-amd64.tar.gz 
[36mINFO[0m[2022-08-01 15:35:38] Copy cos://pkg-1308438674/files/stacksmith/php-ext-ioncube-7.2-alpine-3.9-amd64.tar.gz.sha256 => cos://mirror-pkg-1308438674/files/stacksmith/php-ext-ioncube-7.2-alpine-3.9-amd64.tar.gz.sha256 
[36mINFO[0m[2022-08-01 15:35:38] Copy cos://pkg-1308438674/files/stacksmith/php-ext-ioncube-7.4-alpine-3.15-amd64.tar.gz => cos://mirror-pkg-1308438674/files/stacksmith/php-ext-ioncube-7.4-alpine-3.15-amd64.tar.gz 
[36mINFO[0m[2022-08-01 15:35:39] Copy cos://pkg-1308438674/files/stacksmith/php-ext-ioncube-7.4-alpine-3.15-amd64.tar.gz.sha256 => cos://mirror-pkg-1308438674/files/stacksmith/php-ext-ioncube-7.4-alpine-3.15-amd64.tar.gz.sha256 
[36mINFO[0m[2022-08-01 15:35:39] Copy cos://pkg-1308438674/files/stacksmith/php-exts-7.4.28-alpine-3.15-amd64.tar.gz => cos://mirror-pkg-1308438674/files/stacksmith/php-exts-7.4.28-alpine-3.15-amd64.tar.gz 
[36mINFO[0m[2022-08-01 15:35:39] Copy cos://pkg-1308438674/files/stacksmith/php-exts-7.4.28-alpine-3.15-amd64.tar.gz.sha256 => cos://mirror-pkg-1308438674/files/stacksmith/php-exts-7.4.28-alpine-3.15-amd64.tar.gz.sha256 
[36mINFO[0m[2022-08-01 15:35:40] Copy cos://pkg-1308438674/files/stacksmith/render-template-1.0.1-10-alpine-3.15-amd64.tar.gz => cos://mirror-pkg-1308438674/files/stacksmith/render-template-1.0.1-10-alpine-3.15-amd64.tar.gz 
[36mINFO[0m[2022-08-01 15:35:40] Copy cos://pkg-1308438674/files/stacksmith/render-template-1.0.1-10-alpine-3.15-amd64.tar.gz.sha256 => cos://mirror-pkg-1308438674/files/stacksmith/render-template-1.0.1-10-alpine-3.15-amd64.tar.gz.sha256 
[36mINFO[0m[2022-08-01 15:35:41] Copy cos://pkg-1308438674/files/stacksmith/render-template-1.0.1-10-alpine-3.9-amd64.tar.gz => cos://mirror-pkg-1308438674/files/stacksmith/render-template-1.0.1-10-alpine-3.9-amd64.tar.gz 
[36mINFO[0m[2022-08-01 15:35:41] Copy cos://pkg-1308438674/files/stacksmith/render-template-1.0.1-10-alpine-3.9-amd64.tar.gz.sha256 => cos://mirror-pkg-1308438674/files/stacksmith/render-template-1.0.1-10-alpine-3.9-amd64.tar.gz.sha256 
[36mINFO[0m[2022-08-01 15:35:41] Copy cos://pkg-1308438674/files/stacksmith/render-template-1.0.1-10-debian-10-amd64.tar.gz => cos://mirror-pkg-1308438674/files/stacksmith/render-template-1.0.1-10-debian-10-amd64.tar.gz 
[36mINFO[0m[2022-08-01 15:35:42] Copy cos://pkg-1308438674/files/stacksmith/render-template-1.0.1-10-debian-10-amd64.tar.gz.sha256 => cos://mirror-pkg-1308438674/files/stacksmith/render-template-1.0.1-10-debian-10-amd64.tar.gz.sha256 
[36mINFO[0m[2022-08-01 15:35:42] Copy cos://pkg-1308438674/files/stacksmith/render-template-1.0.1-10-debian-11-amd64.tar.gz => cos://mirror-pkg-1308438674/files/stacksmith/render-template-1.0.1-10-debian-11-amd64.tar.gz 
[36mINFO[0m[2022-08-01 15:35:43] Copy cos://pkg-1308438674/files/stacksmith/render-template-1.0.1-10-debian-11-amd64.tar.gz.sha256 => cos://mirror-pkg-1308438674/files/stacksmith/render-template-1.0.1-10-debian-11-amd64.tar.gz.sha256 
[36mINFO[0m[2022-08-01 15:35:43] Copy cos://pkg-1308438674/files/stacksmith/render-template-1.0.1-10-ubuntu-18.04-amd64.tar.gz => cos://mirror-pkg-1308438674/files/stacksmith/render-template-1.0.1-10-ubuntu-18.04-amd64.tar.gz 
[36mINFO[0m[2022-08-01 15:35:44] Copy cos://pkg-1308438674/files/stacksmith/render-template-1.0.1-10-ubuntu-18.04-amd64.tar.gz.sha256 => cos://mirror-pkg-1308438674/files/stacksmith/render-template-1.0.1-10-ubuntu-18.04-amd64.tar.gz.sha256 
[36mINFO[0m[2022-08-01 15:35:44] Copy cos://pkg-1308438674/files/stacksmith/s6-overlay-3.1.0.1-ubuntu-18.04-amd64.tar.gz => cos://mirror-pkg-1308438674/files/stacksmith/s6-overlay-3.1.0.1-ubuntu-18.04-amd64.tar.gz 
[36mINFO[0m[2022-08-01 15:35:45] Copy cos://pkg-1308438674/files/stacksmith/s6-overlay-3.1.0.1-ubuntu-18.04-amd64.tar.gz.sha256 => cos://mirror-pkg-1308438674/files/stacksmith/s6-overlay-3.1.0.1-ubuntu-18.04-amd64.tar.gz.sha256 
[36mINFO[0m[2022-08-01 15:35:45] Copy cos://pkg-1308438674/files/stacksmith/su-exec-0.2-debian-10-amd64.tar.gz => cos://mirror-pkg-1308438674/files/stacksmith/su-exec-0.2-debian-10-amd64.tar.gz 
[36mINFO[0m[2022-08-01 15:35:45] Copy cos://pkg-1308438674/files/stacksmith/su-exec-0.2-debian-10-amd64.tar.gz.sha256 => cos://mirror-pkg-1308438674/files/stacksmith/su-exec-0.2-debian-10-amd64.tar.gz.sha256 
[36mINFO[0m[2022-08-01 15:35:45] Copy cos://pkg-1308438674/files/stacksmith/su-exec-0.2-debian-11-amd64.tar.gz => cos://mirror-pkg-1308438674/files/stacksmith/su-exec-0.2-debian-11-amd64.tar.gz 
[36mINFO[0m[2022-08-01 15:35:46] Copy cos://pkg-1308438674/files/stacksmith/su-exec-0.2-debian-11-amd64.tar.gz.sha256 => cos://mirror-pkg-1308438674/files/stacksmith/su-exec-0.2-debian-11-amd64.tar.gz.sha256 
[36mINFO[0m[2022-08-01 15:35:46] Copy cos://pkg-1308438674/files/stacksmith/su-exec-0.2-ubuntu-18.04-amd64.tar.gz => cos://mirror-pkg-1308438674/files/stacksmith/su-exec-0.2-ubuntu-18.04-amd64.tar.gz 
[36mINFO[0m[2022-08-01 15:35:47] Copy cos://pkg-1308438674/files/stacksmith/su-exec-0.2-ubuntu-18.04-amd64.tar.gz.sha256 => cos://mirror-pkg-1308438674/files/stacksmith/su-exec-0.2-ubuntu-18.04-amd64.tar.gz.sha256 
[36mINFO[0m[2022-08-01 15:35:47] Copy cos://pkg-1308438674/files/stacksmith/toolkit-20220630-debian-11-amd64.tar.gz => cos://mirror-pkg-1308438674/files/stacksmith/toolkit-20220630-debian-11-amd64.tar.gz 
[36mINFO[0m[2022-08-01 15:35:47] Copy cos://pkg-1308438674/files/stacksmith/toolkit-20220630-debian-11-amd64.tar.gz.sha256 => cos://mirror-pkg-1308438674/files/stacksmith/toolkit-20220630-debian-11-amd64.tar.gz.sha256 
[36mINFO[0m[2022-08-01 15:35:48] Copy cos://pkg-1308438674/files/stacksmith/tools-20220516-ubuntu-18.04-amd64.tar.gz => cos://mirror-pkg-1308438674/files/stacksmith/tools-20220516-ubuntu-18.04-amd64.tar.gz 
[36mINFO[0m[2022-08-01 15:35:49] Copy cos://pkg-1308438674/files/stacksmith/tools-20220516-ubuntu-18.04-amd64.tar.gz.sha256 => cos://mirror-pkg-1308438674/files/stacksmith/tools-20220516-ubuntu-18.04-amd64.tar.gz.sha256 
[36mINFO[0m[2022-08-01 15:35:49] Copy cos://pkg-1308438674/files/stacksmith/wait-for-port-1.01-alpine-3.15-amd64.tar.gz => cos://mirror-pkg-1308438674/files/stacksmith/wait-for-port-1.01-alpine-3.15-amd64.tar.gz 
[36mINFO[0m[2022-08-01 15:35:50] Copy cos://pkg-1308438674/files/stacksmith/wait-for-port-1.01-alpine-3.15-amd64.tar.gz.sha256 => cos://mirror-pkg-1308438674/files/stacksmith/wait-for-port-1.01-alpine-3.15-amd64.tar.gz.sha256 
[36mINFO[0m[2022-08-01 15:35:51] Copy cos://pkg-1308438674/files/stacksmith/wait-for-port-1.01-debian-11-amd64.tar.gz => cos://mirror-pkg-1308438674/files/stacksmith/wait-for-port-1.01-debian-11-amd64.tar.gz 
[36mINFO[0m[2022-08-01 15:35:51] Copy cos://pkg-1308438674/files/stacksmith/wait-for-port-1.01-debian-11-amd64.tar.gz.sha256 => cos://mirror-pkg-1308438674/files/stacksmith/wait-for-port-1.01-debian-11-amd64.tar.gz.sha256 
[36mINFO[0m[2022-08-01 15:35:52] Copy cos://pkg-1308438674/files/stacksmith/wait-for-port-1.01-ubuntu-18.04-amd64.tar.gz => cos://mirror-pkg-1308438674/files/stacksmith/wait-for-port-1.01-ubuntu-18.04-amd64.tar.gz 
[36mINFO[0m[2022-08-01 15:35:52] Copy cos://pkg-1308438674/files/stacksmith/wait-for-port-1.01-ubuntu-18.04-amd64.tar.gz.sha256 => cos://mirror-pkg-1308438674/files/stacksmith/wait-for-port-1.01-ubuntu-18.04-amd64.tar.gz.sha256 
[36mINFO[0m[2022-08-01 15:35:53] Copy cos://pkg-1308438674/files/stacksmith/yq-4.25.3-debian-11-amd64.tar.gz => cos://mirror-pkg-1308438674/files/stacksmith/yq-4.25.3-debian-11-amd64.tar.gz 
[36mINFO[0m[2022-08-01 15:35:54] Copy cos://pkg-1308438674/files/stacksmith/yq-4.25.3-debian-11-amd64.tar.gz.sha256 => cos://mirror-pkg-1308438674/files/stacksmith/yq-4.25.3-debian-11-amd64.tar.gz.sha256 
[36mINFO[0m[2022-08-01 15:35:54] Copy cos://pkg-1308438674/files/stacksmith/zentao-max2.6-alpine-3.15-amd64.tar.gz => cos://mirror-pkg-1308438674/files/stacksmith/zentao-max2.6-alpine-3.15-amd64.tar.gz 
[36mINFO[0m[2022-08-01 15:35:56] Copy cos://pkg-1308438674/files/stacksmith/zentao-max2.6-alpine-3.15-amd64.tar.gz.sha256 => cos://mirror-pkg-1308438674/files/stacksmith/zentao-max2.6-alpine-3.15-amd64.tar.gz.sha256 
[36mINFO[0m[2022-08-01 15:35:56] Copy cos://pkg-1308438674/files/stacksmith/zentao-max2.6-debian-11-amd64.tar.gz => cos://mirror-pkg-1308438674/files/stacksmith/zentao-max2.6-debian-11-amd64.tar.gz 
[36mINFO[0m[2022-08-01 15:35:58] Copy cos://pkg-1308438674/files/stacksmith/zentao-max2.6-debian-11-amd64.tar.gz.sha256 => cos://mirror-pkg-1308438674/files/stacksmith/zentao-max2.6-debian-11-amd64.tar.gz.sha256 
[36mINFO[0m[2022-08-01 15:35:58] Copy cos://pkg-1308438674/files/stacksmith/zentao-max3.0-alpine-3.15-amd64.tar.gz => cos://mirror-pkg-1308438674/files/stacksmith/zentao-max3.0-alpine-3.15-amd64.tar.gz 
[36mINFO[0m[2022-08-01 15:36:00] Copy cos://pkg-1308438674/files/stacksmith/zentao-max3.0-alpine-3.15-amd64.tar.gz.sha256 => cos://mirror-pkg-1308438674/files/stacksmith/zentao-max3.0-alpine-3.15-amd64.tar.gz.sha256 
[36mINFO[0m[2022-08-01 15:36:00] Copy cos://pkg-1308438674/files/stacksmith/zentao-max3.0-debian-11-amd64.tar.gz => cos://mirror-pkg-1308438674/files/stacksmith/zentao-max3.0-debian-11-amd64.tar.gz 
[36mINFO[0m[2022-08-01 15:36:02] Copy cos://pkg-1308438674/files/stacksmith/zentao-max3.0-debian-11-amd64.tar.gz.sha256 => cos://mirror-pkg-1308438674/files/stacksmith/zentao-max3.0-debian-11-amd64.tar.gz.sha256 
[36mINFO[0m[2022-08-01 15:36:03] Copy cos://pkg-1308438674/files/stacksmith/zentao-max3.1-debian-11-amd64.tar.gz => cos://mirror-pkg-1308438674/files/stacksmith/zentao-max3.1-debian-11-amd64.tar.gz 
[36mINFO[0m[2022-08-01 15:36:04] Copy cos://pkg-1308438674/files/stacksmith/zentao-max3.1-debian-11-amd64.tar.gz.sha256 => cos://mirror-pkg-1308438674/files/stacksmith/zentao-max3.1-debian-11-amd64.tar.gz.sha256 
[36mINFO[0m[2022-08-01 15:36:04] Copy cos://pkg-1308438674/files/stacksmith/zentao-max3.1-int-debian-11-amd64.tar.gz => cos://mirror-pkg-1308438674/files/stacksmith/zentao-max3.1-int-debian-11-amd64.tar.gz 
[36mINFO[0m[2022-08-01 15:36:06] Copy cos://pkg-1308438674/files/stacksmith/zentao-max3.1-int-debian-11-amd64.tar.gz.sha256 => cos://mirror-pkg-1308438674/files/stacksmith/zentao-max3.1-int-debian-11-amd64.tar.gz.sha256 
[36mINFO[0m[2022-08-01 15:36:07] Copy cos://pkg-1308438674/files/stacksmith/zentao-max3.3-debian-11-amd64.tar.gz => cos://mirror-pkg-1308438674/files/stacksmith/zentao-max3.3-debian-11-amd64.tar.gz 
[36mINFO[0m[2022-08-01 15:36:09] Copy cos://pkg-1308438674/files/stacksmith/zentao-max3.3-debian-11-amd64.tar.gz.sha256 => cos://mirror-pkg-1308438674/files/stacksmith/zentao-max3.3-debian-11-amd64.tar.gz.sha256 
[36mINFO[0m[2022-08-01 15:36:10] Copy cos://pkg-1308438674/files/stacksmith/zsite-8.6.2-linux-amd64.tar.gz => cos://mirror-pkg-1308438674/files/stacksmith/zsite-8.6.2-linux-amd64.tar.gz 
[36mINFO[0m[2022-08-01 15:36:11] Copy cos://pkg-1308438674/files/stacksmith/zsite-8.6.2-linux-amd64.tar.gz.sha256 => cos://mirror-pkg-1308438674/files/stacksmith/zsite-8.6.2-linux-amd64.tar.gz.sha256 
